<?xml version="1.0" encoding="UTF-8"?>
<!-- Generated by org.testng.reporters.JUnitReportReporter -->
<testsuite hostname="lenova1" failures="0" tests="1" name="com.testcases.TC002_ManagerLogin" time="16.572" errors="0" timestamp="04 Jun 2025 09:23:00 GMT" skipped="0">
  <testcase classname="com.testcases.TC002_ManagerLogin" name="openAccount" time="16.572"/>
</testsuite> <!-- com.testcases.TC002_ManagerLogin -->
