<?xml version="1.0" encoding="UTF-8"?>
<!-- Generated by org.testng.reporters.JUnitReportReporter -->
<testsuite hostname="lenova1" failures="0" tests="1" name="com.testcases.TC004_DepositeAmount" time="0.000" errors="0" timestamp="09 Jun 2025 10:38:36 GMT" skipped="1">
  <testcase classname="com.testcases.TC004_DepositeAmount" name="depositeAmount" time="0.000">
    <skipped/>
  </testcase> <!-- depositeAmount -->
</testsuite> <!-- com.testcases.TC004_DepositeAmount -->
