<?xml version="1.0" encoding="UTF-8"?>
<!-- Generated by org.testng.reporters.JUnitReportReporter -->
<testsuite hostname="lenova1" failures="0" tests="3" name="com.testcases.TC002_ManagerLogin" time="1.745" errors="0" timestamp="13 Jun 2025 11:42:12 GMT" skipped="0">
  <testcase classname="com.testcases.TC002_ManagerLogin" name="addCustomer" time="0.874"/>
  <testcase classname="com.testcases.TC002_ManagerLogin" name="addCustomer" time="0.427"/>
  <testcase classname="com.testcases.TC002_ManagerLogin" name="addCustomer" time="0.444"/>
</testsuite> <!-- com.testcases.TC002_ManagerLogin -->
