<?xml version="1.0" encoding="UTF-8"?>
<!-- Generated by org.testng.reporters.JUnitReportReporter -->
<testsuite hostname="lenova1" failures="0" tests="1" name="com.testcases.TC003_CustomerLogin" time="1.070" errors="0" timestamp="05 Jun 2025 09:01:44 GMT" skipped="0">
  <testcase classname="com.testcases.TC003_CustomerLogin" name="customer_login" time="1.070"/>
</testsuite> <!-- com.testcases.TC003_CustomerLogin -->
