<?xml version="1.0" encoding="UTF-8"?>
<!-- Generated by org.testng.reporters.JUnitReportReporter -->
<testsuite hostname="lenova1" failures="0" tests="1" name="com.testcases.TC001_ClickSampleform" time="16.322" errors="0" timestamp="27 May 2025 10:55:42 GMT" skipped="0">
  <testcase classname="com.testcases.TC001_ClickSampleform" name="clickSampleFormBtn" time="16.322"/>
</testsuite> <!-- com.testcases.TC001_ClickSampleform -->
