<?xml version="1.0" encoding="UTF-8"?>
<!-- Generated by org.testng.reporters.JUnitReportReporter -->
<testsuite hostname="lenova1" failures="0" tests="2" name="com.testcases.TC002_ManagerLogin" time="16.676" errors="0" timestamp="04 Jun 2025 10:29:31 GMT" skipped="0">
  <testcase classname="com.testcases.TC002_ManagerLogin" name="addCustomer" time="0.893"/>
  <testcase classname="com.testcases.TC002_ManagerLogin" name="openAccount" time="15.783"/>
</testsuite> <!-- com.testcases.TC002_ManagerLogin -->
